	Command being timed: "STAR --runThreadN 16 --runMode alignReads --outFilterMultimapNmax 3 --outSAMunmapped Within KeepPairs --alignIntronMax 1000000 --alignMatesGapMax 1000000 --readFilesCommand zcat --readFilesIn /projects/bgmp/surbhin/bioinfo/Bi623/QAA/trimmomatic_results/pairedundertermined_S0_L008_R1.fastq.gz /projects/bgmp/surbhin/bioinfo/Bi623/QAA/trimmomatic_results/paired.Undetermined_S0_L008_R2.fastq.gz --genomeDir /projects/bgmp/surbhin/bioinfo/Bi623/QAA/mouse_database_run_out --outFileNamePrefix alignmentfile"
	User time (seconds): 2242.64
	System time (seconds): 9.80
	Percent of CPU this job got: 1319%
	Elapsed (wall clock) time (h:mm:ss or m:ss): 2:50.70
	Average shared text size (kbytes): 0
	Average unshared data size (kbytes): 0
	Average stack size (kbytes): 0
	Average total size (kbytes): 0
	Maximum resident set size (kbytes): 28632680
	Average resident set size (kbytes): 0
	Major (requiring I/O) page faults: 0
	Minor (reclaiming a frame) page faults: 346938
	Voluntary context switches: 86537
	Involuntary context switches: 6199
	Swaps: 0
	File system inputs: 0
	File system outputs: 0
	Socket messages sent: 0
	Socket messages received: 0
	Signals delivered: 0
	Page size (bytes): 4096
	Exit status: 0
