	Command being timed: "./q_scoreavg.py -f /projects/bgmp/shared/2017_sequencing/demultiplexed/Undetermined_S0_L008_R2_001.fastq.gz -l 101 -o Undetermined_S0_R2"
	User time (seconds): 282.89
	System time (seconds): 0.48
	Percent of CPU this job got: 99%
	Elapsed (wall clock) time (h:mm:ss or m:ss): 4:44.76
	Average shared text size (kbytes): 0
	Average unshared data size (kbytes): 0
	Average stack size (kbytes): 0
	Average total size (kbytes): 0
	Maximum resident set size (kbytes): 62832
	Average resident set size (kbytes): 0
	Major (requiring I/O) page faults: 0
	Minor (reclaiming a frame) page faults: 13173
	Voluntary context switches: 911
	Involuntary context switches: 981
	Swaps: 0
	File system inputs: 0
	File system outputs: 0
	Socket messages sent: 0
	Socket messages received: 0
	Signals delivered: 0
	Page size (bytes): 4096
	Exit status: 0
