	Command being timed: "./q_scoreavg.py -f /projects/bgmp/shared/2017_sequencing/demultiplexed/2_2B_control_S2_L008_R1_001.fastq.gz -l 101 -o 2_2B_control_R1.png"
	User time (seconds): 114.98
	System time (seconds): 0.28
	Percent of CPU this job got: 94%
	Elapsed (wall clock) time (h:mm:ss or m:ss): 2:01.70
	Average shared text size (kbytes): 0
	Average unshared data size (kbytes): 0
	Average stack size (kbytes): 0
	Average total size (kbytes): 0
	Maximum resident set size (kbytes): 59252
	Average resident set size (kbytes): 0
	Major (requiring I/O) page faults: 1
	Minor (reclaiming a frame) page faults: 15519
	Voluntary context switches: 3346
	Involuntary context switches: 436
	Swaps: 0
	File system inputs: 88
	File system outputs: 0
	Socket messages sent: 0
	Socket messages received: 0
	Signals delivered: 0
	Page size (bytes): 4096
	Exit status: 0
